<?xml version="1.0" encoding="UTF-8"?>
<!-- Generated by org.testng.reporters.JUnitReportReporter -->
<testsuite hostname="Kartikey" failures="0" tests="6" name="TestNg02.Demo01" time="0.072" errors="0" timestamp="2025-01-06T13:49:50 IST" skipped="0">
  <testcase classname="TestNg02.Demo01" name="login" time="0.005"/>
  <system-out/>
  <testcase classname="TestNg02.Demo01" name="payment" time="0.004"/>
  <system-out/>
  <testcase classname="TestNg02.Demo01" name="q" time="0.014"/>
  <system-out/>
  <testcase classname="TestNg02.Demo01" name="signup" time="0.004"/>
  <system-out/>
  <testcase classname="TestNg02.Demo01" name="A" time="0.042"/>
  <system-out/>
  <testcase classname="TestNg02.Demo01" name="W" time="0.003"/>
  <system-out/>
</testsuite> <!-- TestNg02.Demo01 -->
