<?xml version="1.0" encoding="UTF-8"?>
<!-- Generated by org.testng.reporters.JUnitReportReporter -->
<testsuite hostname="Kartikey" failures="0" tests="1" name="DataDrivenTesting_hybrid.DataDrivenTesting01" time="5.149" errors="0" timestamp="2025-01-13T21:04:05 IST" skipped="0">
  <testcase classname="DataDrivenTesting_hybrid.DataDrivenTesting01" name="test" time="5.149"/>
  <system-out/>
</testsuite> <!-- DataDrivenTesting_hybrid.DataDrivenTesting01 -->
